<?xml version="1.0" encoding="UTF-8"?>
<!-- Generated by org.testng.reporters.JUnitXMLReporter -->
<testsuite hostname="DESKTOP-70M1UJL" ignored="0" name="employeeTest" tests="42" failures="6" timestamp="23 Feb 2020 03:16:25 GMT" time="11.763" errors="0">
  <testcase name="checkBodyResponse" time="0.023" classname="com.au.testCases.TC001_Get_All_Employees"/>
  <testcase name="checkContentEncoding" time="0.001" classname="com.au.testCases.TC001_Get_All_Employees"/>
  <testcase name="checkContentLength" time="0.0" classname="com.au.testCases.TC001_Get_All_Employees"/>
  <testcase name="checkContentType" time="0.002" classname="com.au.testCases.TC001_Get_All_Employees"/>
  <testcase name="checkResponseTime" time="0.002" classname="com.au.testCases.TC001_Get_All_Employees">
    <failure type="java.lang.AssertionError" message="expected [true] but found [false]">
      <![CDATA[java.lang.AssertionError: expected [true] but found [false]
at com.au.testCases.TC001_Get_All_Employees.checkResponseTime(TC001_Get_All_Employees.java:55)
... Removed 29 stack frames]]>
    </failure>
  </testcase> <!-- checkResponseTime -->
  <testcase name="checkServerType" time="0.002" classname="com.au.testCases.TC001_Get_All_Employees"/>
  <testcase name="checkStatusCode" time="0.002" classname="com.au.testCases.TC001_Get_All_Employees"/>
  <testcase name="checkStatusLine" time="0.003" classname="com.au.testCases.TC001_Get_All_Employees"/>
  <testcase name="checkcookies" time="0.002" classname="com.au.testCases.TC001_Get_All_Employees"/>
  <testcase name="checkBodyResponse" time="0.006" classname="com.au.testCases.TC002_Get_Single_Employees"/>
  <testcase name="checkContentEncoding" time="0.001" classname="com.au.testCases.TC002_Get_Single_Employees"/>
  <testcase name="checkContentLength" time="0.0" classname="com.au.testCases.TC002_Get_Single_Employees"/>
  <testcase name="checkContentType" time="0.0" classname="com.au.testCases.TC002_Get_Single_Employees"/>
  <testcase name="checkResponseTime" time="0.001" classname="com.au.testCases.TC002_Get_Single_Employees">
    <failure type="java.lang.AssertionError" message="expected [true] but found [false]">
      <![CDATA[java.lang.AssertionError: expected [true] but found [false]
at com.au.testCases.TC002_Get_Single_Employees.checkResponseTime(TC002_Get_Single_Employees.java:61)
... Removed 29 stack frames]]>
    </failure>
  </testcase> <!-- checkResponseTime -->
  <testcase name="checkServerType" time="0.001" classname="com.au.testCases.TC002_Get_Single_Employees">
    <failure type="java.lang.AssertionError" message="expected [nginx/1.14.1] but found [nginx/1.16.0]">
      <![CDATA[java.lang.AssertionError: expected [nginx/1.14.1] but found [nginx/1.16.0]
at com.au.testCases.TC002_Get_Single_Employees.checkServerType(TC002_Get_Single_Employees.java:89)
... Removed 31 stack frames]]>
    </failure>
  </testcase> <!-- checkServerType -->
  <testcase name="checkStatusCode" time="0.001" classname="com.au.testCases.TC002_Get_Single_Employees"/>
  <testcase name="checkStatusLine" time="0.001" classname="com.au.testCases.TC002_Get_Single_Employees"/>
  <testcase name="checkcookies" time="0.001" classname="com.au.testCases.TC002_Get_Single_Employees"/>
  <testcase name="checkBodyResponse" time="0.002" classname="com.au.testCases.TC003_Post_Employee_record"/>
  <testcase name="checkContentLength" time="0.001" classname="com.au.testCases.TC003_Post_Employee_record"/>
  <testcase name="checkContentType" time="0.001" classname="com.au.testCases.TC003_Post_Employee_record"/>
  <testcase name="checkResponseTime" time="0.001" classname="com.au.testCases.TC003_Post_Employee_record"/>
  <testcase name="checkServerType" time="0.001" classname="com.au.testCases.TC003_Post_Employee_record"/>
  <testcase name="checkStatusCode" time="0.001" classname="com.au.testCases.TC003_Post_Employee_record"/>
  <testcase name="checkStatusLine" time="0.001" classname="com.au.testCases.TC003_Post_Employee_record"/>
  <testcase name="checkcookies" time="0.001" classname="com.au.testCases.TC003_Post_Employee_record"/>
  <testcase name="checkBodyResponse" time="0.002" classname="com.au.testCases.TC004_Put_Employee_record">
    <failure type="java.lang.AssertionError" message="expected [true] but found [false]">
      <![CDATA[java.lang.AssertionError: expected [true] but found [false]
at com.au.testCases.TC004_Put_Employee_record.checkBodyResponse(TC004_Put_Employee_record.java:50)
... Removed 31 stack frames]]>
    </failure>
  </testcase> <!-- checkBodyResponse -->
  <testcase name="checkContentLength" time="0.002" classname="com.au.testCases.TC004_Put_Employee_record">
    <failure type="java.lang.AssertionError" message="expected [true] but found [false]">
      <![CDATA[java.lang.AssertionError: expected [true] but found [false]
at com.au.testCases.TC004_Put_Employee_record.checkContentLength(TC004_Put_Employee_record.java:117)
... Removed 29 stack frames]]>
    </failure>
  </testcase> <!-- checkContentLength -->
  <testcase name="checkContentType" time="0.001" classname="com.au.testCases.TC004_Put_Employee_record"/>
  <testcase name="checkResponseTime" time="0.001" classname="com.au.testCases.TC004_Put_Employee_record"/>
  <testcase name="checkServerType" time="0.001" classname="com.au.testCases.TC004_Put_Employee_record"/>
  <testcase name="checkStatusCode" time="0.0" classname="com.au.testCases.TC004_Put_Employee_record"/>
  <testcase name="checkStatusLine" time="0.001" classname="com.au.testCases.TC004_Put_Employee_record"/>
  <testcase name="checkcookies" time="0.001" classname="com.au.testCases.TC004_Put_Employee_record"/>
  <testcase name="checkBodyResponse" time="0.001" classname="com.au.testCases.TC005_Delete_Employee_record">
    <failure type="java.lang.AssertionError" message="expected [true] but found [false]">
      <![CDATA[java.lang.AssertionError: expected [true] but found [false]
at com.au.testCases.TC005_Delete_Employee_record.checkBodyResponse(TC005_Delete_Employee_record.java:46)
... Removed 31 stack frames]]>
    </failure>
  </testcase> <!-- checkBodyResponse -->
  <testcase name="checkContentLength" time="0.001" classname="com.au.testCases.TC005_Delete_Employee_record"/>
  <testcase name="checkContentType" time="0.001" classname="com.au.testCases.TC005_Delete_Employee_record"/>
  <testcase name="checkResponseTime" time="0.001" classname="com.au.testCases.TC005_Delete_Employee_record"/>
  <testcase name="checkServerType" time="0.001" classname="com.au.testCases.TC005_Delete_Employee_record"/>
  <testcase name="checkStatusCode" time="0.001" classname="com.au.testCases.TC005_Delete_Employee_record"/>
  <testcase name="checkStatusLine" time="0.001" classname="com.au.testCases.TC005_Delete_Employee_record"/>
  <testcase name="checkcookies" time="0.001" classname="com.au.testCases.TC005_Delete_Employee_record"/>
</testsuite> <!-- employeeTest -->
